<testsuites id="" name="" tests="12" failures="12" skipped="0" errors="0" time="34.147957">
<testsuite name="auth.spec.ts" timestamp="2025-12-15T03:47:31.475Z" hostname="chromium" tests="12" failures="12" skipped="0" time="390.675" errors="0">
<testcase name="Authentication › Login › should display login page correctly" classname="auth.spec.ts" time="32.6">
<failure message="auth.spec.ts:5:9 should display login page correctly" type="FAILURE">
<![CDATA[  [chromium] › auth.spec.ts:5:9 › Authentication › Login › should display login page correctly ─────

    TimeoutError: page.goto: Timeout 30000ms exceeded.
    Call log:
      - navigating to "http://localhost:3000/login", waiting until "load"


      4 |   test.describe('Login', () => {
      5 |     test('should display login page correctly', async ({ page }) => {
    > 6 |       await page.goto('/login');
        |                  ^
      7 |
      8 |       // Check page title and branding
      9 |       await expect(page).toHaveTitle(/Operate/i);
        at C:\Users\grube\op\operate-fresh\apps\web\e2e\auth.spec.ts:6:18

    attachment #1: screenshot (image/png) ──────────────────────────────────────────────────────────
    ..\test-results\auth-Authentication-Login--2eba1-isplay-login-page-correctly-chromium\test-failed-1.png
    ────────────────────────────────────────────────────────────────────────────────────────────────

    attachment #2: video (video/webm) ──────────────────────────────────────────────────────────────
    ..\test-results\auth-Authentication-Login--2eba1-isplay-login-page-correctly-chromium\video.webm
    ────────────────────────────────────────────────────────────────────────────────────────────────

    Error Context: ..\test-results\auth-Authentication-Login--2eba1-isplay-login-page-correctly-chromium\error-context.md
]]>
</failure>
<system-out>
<![CDATA[
[[ATTACHMENT|auth-Authentication-Login--2eba1-isplay-login-page-correctly-chromium\test-failed-1.png]]

[[ATTACHMENT|auth-Authentication-Login--2eba1-isplay-login-page-correctly-chromium\video.webm]]

[[ATTACHMENT|auth-Authentication-Login--2eba1-isplay-login-page-correctly-chromium\error-context.md]]
]]>
</system-out>
</testcase>
<testcase name="Authentication › Login › should login successfully with valid credentials" classname="auth.spec.ts" time="32.638">
<failure message="auth.spec.ts:18:9 should login successfully with valid credentials" type="FAILURE">
<![CDATA[  [chromium] › auth.spec.ts:18:9 › Authentication › Login › should login successfully with valid credentials 

    TimeoutError: page.goto: Timeout 30000ms exceeded.
    Call log:
      - navigating to "http://localhost:3000/login", waiting until "load"


      17 |
      18 |     test('should login successfully with valid credentials', async ({ page, testUser }) => {
    > 19 |       await page.goto('/login');
         |                  ^
      20 |
      21 |       // Fill in credentials
      22 |       await page.fill('input[name="email"]', testUser.email);
        at C:\Users\grube\op\operate-fresh\apps\web\e2e\auth.spec.ts:19:18

    attachment #1: screenshot (image/png) ──────────────────────────────────────────────────────────
    ..\test-results\auth-Authentication-Login--0646c-ully-with-valid-credentials-chromium\test-failed-1.png
    ────────────────────────────────────────────────────────────────────────────────────────────────

    attachment #2: video (video/webm) ──────────────────────────────────────────────────────────────
    ..\test-results\auth-Authentication-Login--0646c-ully-with-valid-credentials-chromium\video.webm
    ────────────────────────────────────────────────────────────────────────────────────────────────

    Error Context: ..\test-results\auth-Authentication-Login--0646c-ully-with-valid-credentials-chromium\error-context.md
]]>
</failure>
<system-out>
<![CDATA[
[[ATTACHMENT|auth-Authentication-Login--0646c-ully-with-valid-credentials-chromium\test-failed-1.png]]

[[ATTACHMENT|auth-Authentication-Login--0646c-ully-with-valid-credentials-chromium\video.webm]]

[[ATTACHMENT|auth-Authentication-Login--0646c-ully-with-valid-credentials-chromium\error-context.md]]
]]>
</system-out>
</testcase>
<testcase name="Authentication › Login › should show error for invalid email" classname="auth.spec.ts" time="32.793">
<failure message="auth.spec.ts:56:9 should show error for invalid email" type="FAILURE">
<![CDATA[  [chromium] › auth.spec.ts:56:9 › Authentication › Login › should show error for invalid email ────

    TimeoutError: page.goto: Timeout 30000ms exceeded.
    Call log:
      - navigating to "http://localhost:3000/login", waiting until "load"


      55 |
      56 |     test('should show error for invalid email', async ({ page }) => {
    > 57 |       await page.goto('/login');
         |                  ^
      58 |
      59 |       await page.fill('input[name="email"]', 'invalid-email');
      60 |       await page.fill('input[name="password"]', 'password123');
        at C:\Users\grube\op\operate-fresh\apps\web\e2e\auth.spec.ts:57:18

    attachment #1: screenshot (image/png) ──────────────────────────────────────────────────────────
    ..\test-results\auth-Authentication-Login--83c89-how-error-for-invalid-email-chromium\test-failed-1.png
    ────────────────────────────────────────────────────────────────────────────────────────────────

    attachment #2: video (video/webm) ──────────────────────────────────────────────────────────────
    ..\test-results\auth-Authentication-Login--83c89-how-error-for-invalid-email-chromium\video.webm
    ────────────────────────────────────────────────────────────────────────────────────────────────

    Error Context: ..\test-results\auth-Authentication-Login--83c89-how-error-for-invalid-email-chromium\error-context.md
]]>
</failure>
<system-out>
<![CDATA[
[[ATTACHMENT|auth-Authentication-Login--83c89-how-error-for-invalid-email-chromium\test-failed-1.png]]

[[ATTACHMENT|auth-Authentication-Login--83c89-how-error-for-invalid-email-chromium\video.webm]]

[[ATTACHMENT|auth-Authentication-Login--83c89-how-error-for-invalid-email-chromium\error-context.md]]
]]>
</system-out>
</testcase>
<testcase name="Authentication › Login › should show error for wrong password" classname="auth.spec.ts" time="32.653">
<failure message="auth.spec.ts:84:9 should show error for wrong password" type="FAILURE">
<![CDATA[  [chromium] › auth.spec.ts:84:9 › Authentication › Login › should show error for wrong password ───

    TimeoutError: page.goto: Timeout 30000ms exceeded.
    Call log:
      - navigating to "http://localhost:3000/login", waiting until "load"


      83 |
      84 |     test('should show error for wrong password', async ({ page }) => {
    > 85 |       await page.goto('/login');
         |                  ^
      86 |
      87 |       await page.fill('input[name="email"]', 'test@operate.guru');
      88 |       await page.fill('input[name="password"]', 'wrongpassword');
        at C:\Users\grube\op\operate-fresh\apps\web\e2e\auth.spec.ts:85:18

    attachment #1: screenshot (image/png) ──────────────────────────────────────────────────────────
    ..\test-results\auth-Authentication-Login--edbf2-ow-error-for-wrong-password-chromium\test-failed-1.png
    ────────────────────────────────────────────────────────────────────────────────────────────────

    attachment #2: video (video/webm) ──────────────────────────────────────────────────────────────
    ..\test-results\auth-Authentication-Login--edbf2-ow-error-for-wrong-password-chromium\video.webm
    ────────────────────────────────────────────────────────────────────────────────────────────────

    Error Context: ..\test-results\auth-Authentication-Login--edbf2-ow-error-for-wrong-password-chromium\error-context.md
]]>
</failure>
<system-out>
<![CDATA[
[[ATTACHMENT|auth-Authentication-Login--edbf2-ow-error-for-wrong-password-chromium\test-failed-1.png]]

[[ATTACHMENT|auth-Authentication-Login--edbf2-ow-error-for-wrong-password-chromium\video.webm]]

[[ATTACHMENT|auth-Authentication-Login--edbf2-ow-error-for-wrong-password-chromium\error-context.md]]
]]>
</system-out>
</testcase>
<testcase name="Authentication › Login › should handle OAuth login button" classname="auth.spec.ts" time="32.586">
<failure message="auth.spec.ts:117:9 should handle OAuth login button" type="FAILURE">
<![CDATA[  [chromium] › auth.spec.ts:117:9 › Authentication › Login › should handle OAuth login button ──────

    TimeoutError: page.goto: Timeout 30000ms exceeded.
    Call log:
      - navigating to "http://localhost:3000/login", waiting until "load"


      116 |
      117 |     test('should handle OAuth login button', async ({ page }) => {
    > 118 |       await page.goto('/login');
          |                  ^
      119 |
      120 |       // Check for OAuth buttons
      121 |       const oauthButtons = page.locator('button:has-text("Google"), button:has-text("OAuth")');
        at C:\Users\grube\op\operate-fresh\apps\web\e2e\auth.spec.ts:118:18

    attachment #1: screenshot (image/png) ──────────────────────────────────────────────────────────
    ..\test-results\auth-Authentication-Login-should-handle-OAuth-login-button-chromium\test-failed-1.png
    ────────────────────────────────────────────────────────────────────────────────────────────────

    attachment #2: video (video/webm) ──────────────────────────────────────────────────────────────
    ..\test-results\auth-Authentication-Login-should-handle-OAuth-login-button-chromium\video.webm
    ────────────────────────────────────────────────────────────────────────────────────────────────

    Error Context: ..\test-results\auth-Authentication-Login-should-handle-OAuth-login-button-chromium\error-context.md
]]>
</failure>
<system-out>
<![CDATA[
[[ATTACHMENT|auth-Authentication-Login-should-handle-OAuth-login-button-chromium\test-failed-1.png]]

[[ATTACHMENT|auth-Authentication-Login-should-handle-OAuth-login-button-chromium\video.webm]]

[[ATTACHMENT|auth-Authentication-Login-should-handle-OAuth-login-button-chromium\error-context.md]]
]]>
</system-out>
</testcase>
<testcase name="Authentication › Logout › should logout successfully" classname="auth.spec.ts" time="32.422">
<failure message="auth.spec.ts:131:9 should logout successfully" type="FAILURE">
<![CDATA[  [chromium] › auth.spec.ts:131:9 › Authentication › Logout › should logout successfully ───────────

    TimeoutError: page.goto: Timeout 30000ms exceeded.
    Call log:
      - navigating to "http://localhost:3000/login", waiting until "load"


       at fixtures.ts:53

      51 |   authenticatedPage: async ({ page, testUser }, use) => {
      52 |     // Navigate to login page
    > 53 |     await page.goto('/login');
         |                ^
      54 |
      55 |     // Wait for page to be ready
      56 |     await page.waitForLoadState('networkidle');
        at Object.authenticatedPage (C:\Users\grube\op\operate-fresh\apps\web\e2e\fixtures.ts:53:16)

    attachment #1: screenshot (image/png) ──────────────────────────────────────────────────────────
    ..\test-results\auth-Authentication-Logout-should-logout-successfully-chromium\test-failed-1.png
    ────────────────────────────────────────────────────────────────────────────────────────────────

    attachment #2: video (video/webm) ──────────────────────────────────────────────────────────────
    ..\test-results\auth-Authentication-Logout-should-logout-successfully-chromium\video.webm
    ────────────────────────────────────────────────────────────────────────────────────────────────

    Error Context: ..\test-results\auth-Authentication-Logout-should-logout-successfully-chromium\error-context.md
]]>
</failure>
<system-out>
<![CDATA[
[[ATTACHMENT|auth-Authentication-Logout-should-logout-successfully-chromium\test-failed-1.png]]

[[ATTACHMENT|auth-Authentication-Logout-should-logout-successfully-chromium\video.webm]]

[[ATTACHMENT|auth-Authentication-Logout-should-logout-successfully-chromium\error-context.md]]
]]>
</system-out>
</testcase>
<testcase name="Authentication › Protected Routes › should redirect to login when accessing protected route without auth" classname="auth.spec.ts" time="32.595">
<failure message="auth.spec.ts:181:9 should redirect to login when accessing protected route without auth" type="FAILURE">
<![CDATA[  [chromium] › auth.spec.ts:181:9 › Authentication › Protected Routes › should redirect to login when accessing protected route without auth 

    TimeoutError: page.goto: Timeout 30000ms exceeded.
    Call log:
      - navigating to "http://localhost:3000/dashboard", waiting until "load"


      181 |     test('should redirect to login when accessing protected route without auth', async ({ page }) => {
      182 |       // Try to access dashboard without authentication
    > 183 |       await page.goto('/dashboard');
          |                  ^
      184 |
      185 |       // Should redirect to login
      186 |       await page.waitForURL('**/login', { timeout: 10000 });
        at C:\Users\grube\op\operate-fresh\apps\web\e2e\auth.spec.ts:183:18

    attachment #1: screenshot (image/png) ──────────────────────────────────────────────────────────
    ..\test-results\auth-Authentication-Protec-5ede5-rotected-route-without-auth-chromium\test-failed-1.png
    ────────────────────────────────────────────────────────────────────────────────────────────────

    attachment #2: video (video/webm) ──────────────────────────────────────────────────────────────
    ..\test-results\auth-Authentication-Protec-5ede5-rotected-route-without-auth-chromium\video.webm
    ────────────────────────────────────────────────────────────────────────────────────────────────

    Error Context: ..\test-results\auth-Authentication-Protec-5ede5-rotected-route-without-auth-chromium\error-context.md
]]>
</failure>
<system-out>
<![CDATA[
[[ATTACHMENT|auth-Authentication-Protec-5ede5-rotected-route-without-auth-chromium\test-failed-1.png]]

[[ATTACHMENT|auth-Authentication-Protec-5ede5-rotected-route-without-auth-chromium\video.webm]]

[[ATTACHMENT|auth-Authentication-Protec-5ede5-rotected-route-without-auth-chromium\error-context.md]]
]]>
</system-out>
</testcase>
<testcase name="Authentication › Protected Routes › should allow access to protected routes when authenticated" classname="auth.spec.ts" time="32.39">
<failure message="auth.spec.ts:190:9 should allow access to protected routes when authenticated" type="FAILURE">
<![CDATA[  [chromium] › auth.spec.ts:190:9 › Authentication › Protected Routes › should allow access to protected routes when authenticated 

    TimeoutError: page.goto: Timeout 30000ms exceeded.
    Call log:
      - navigating to "http://localhost:3000/login", waiting until "load"


       at fixtures.ts:53

      51 |   authenticatedPage: async ({ page, testUser }, use) => {
      52 |     // Navigate to login page
    > 53 |     await page.goto('/login');
         |                ^
      54 |
      55 |     // Wait for page to be ready
      56 |     await page.waitForLoadState('networkidle');
        at Object.authenticatedPage (C:\Users\grube\op\operate-fresh\apps\web\e2e\fixtures.ts:53:16)

    attachment #1: screenshot (image/png) ──────────────────────────────────────────────────────────
    ..\test-results\auth-Authentication-Protec-c452a-d-routes-when-authenticated-chromium\test-failed-1.png
    ────────────────────────────────────────────────────────────────────────────────────────────────

    attachment #2: video (video/webm) ──────────────────────────────────────────────────────────────
    ..\test-results\auth-Authentication-Protec-c452a-d-routes-when-authenticated-chromium\video.webm
    ────────────────────────────────────────────────────────────────────────────────────────────────

    Error Context: ..\test-results\auth-Authentication-Protec-c452a-d-routes-when-authenticated-chromium\error-context.md
]]>
</failure>
<system-out>
<![CDATA[
[[ATTACHMENT|auth-Authentication-Protec-c452a-d-routes-when-authenticated-chromium\test-failed-1.png]]

[[ATTACHMENT|auth-Authentication-Protec-c452a-d-routes-when-authenticated-chromium\video.webm]]

[[ATTACHMENT|auth-Authentication-Protec-c452a-d-routes-when-authenticated-chromium\error-context.md]]
]]>
</system-out>
</testcase>
<testcase name="Authentication › Session Persistence › should maintain session across page reloads" classname="auth.spec.ts" time="32.375">
<failure message="auth.spec.ts:206:9 should maintain session across page reloads" type="FAILURE">
<![CDATA[  [chromium] › auth.spec.ts:206:9 › Authentication › Session Persistence › should maintain session across page reloads 

    TimeoutError: page.goto: Timeout 30000ms exceeded.
    Call log:
      - navigating to "http://localhost:3000/login", waiting until "load"


       at fixtures.ts:53

      51 |   authenticatedPage: async ({ page, testUser }, use) => {
      52 |     // Navigate to login page
    > 53 |     await page.goto('/login');
         |                ^
      54 |
      55 |     // Wait for page to be ready
      56 |     await page.waitForLoadState('networkidle');
        at Object.authenticatedPage (C:\Users\grube\op\operate-fresh\apps\web\e2e\fixtures.ts:53:16)

    attachment #1: screenshot (image/png) ──────────────────────────────────────────────────────────
    ..\test-results\auth-Authentication-Sessio-41a8f-session-across-page-reloads-chromium\test-failed-1.png
    ────────────────────────────────────────────────────────────────────────────────────────────────

    attachment #2: video (video/webm) ──────────────────────────────────────────────────────────────
    ..\test-results\auth-Authentication-Sessio-41a8f-session-across-page-reloads-chromium\video.webm
    ────────────────────────────────────────────────────────────────────────────────────────────────

    Error Context: ..\test-results\auth-Authentication-Sessio-41a8f-session-across-page-reloads-chromium\error-context.md
]]>
</failure>
<system-out>
<![CDATA[
[[ATTACHMENT|auth-Authentication-Sessio-41a8f-session-across-page-reloads-chromium\test-failed-1.png]]

[[ATTACHMENT|auth-Authentication-Sessio-41a8f-session-across-page-reloads-chromium\video.webm]]

[[ATTACHMENT|auth-Authentication-Sessio-41a8f-session-across-page-reloads-chromium\error-context.md]]
]]>
</system-out>
</testcase>
<testcase name="Authentication › Session Persistence › should maintain session in new tab" classname="auth.spec.ts" time="32.422">
<failure message="auth.spec.ts:217:9 should maintain session in new tab" type="FAILURE">
<![CDATA[  [chromium] › auth.spec.ts:217:9 › Authentication › Session Persistence › should maintain session in new tab 

    TimeoutError: page.goto: Timeout 30000ms exceeded.
    Call log:
      - navigating to "http://localhost:3000/login", waiting until "load"


       at fixtures.ts:53

      51 |   authenticatedPage: async ({ page, testUser }, use) => {
      52 |     // Navigate to login page
    > 53 |     await page.goto('/login');
         |                ^
      54 |
      55 |     // Wait for page to be ready
      56 |     await page.waitForLoadState('networkidle');
        at Object.authenticatedPage (C:\Users\grube\op\operate-fresh\apps\web\e2e\fixtures.ts:53:16)

    attachment #1: screenshot (image/png) ──────────────────────────────────────────────────────────
    ..\test-results\auth-Authentication-Sessio-1c4e7-maintain-session-in-new-tab-chromium\test-failed-1.png
    ────────────────────────────────────────────────────────────────────────────────────────────────

    attachment #2: video (video/webm) ──────────────────────────────────────────────────────────────
    ..\test-results\auth-Authentication-Sessio-1c4e7-maintain-session-in-new-tab-chromium\video.webm
    ────────────────────────────────────────────────────────────────────────────────────────────────

    Error Context: ..\test-results\auth-Authentication-Sessio-1c4e7-maintain-session-in-new-tab-chromium\error-context.md
]]>
</failure>
<system-out>
<![CDATA[
[[ATTACHMENT|auth-Authentication-Sessio-1c4e7-maintain-session-in-new-tab-chromium\test-failed-1.png]]

[[ATTACHMENT|auth-Authentication-Sessio-1c4e7-maintain-session-in-new-tab-chromium\video.webm]]

[[ATTACHMENT|auth-Authentication-Sessio-1c4e7-maintain-session-in-new-tab-chromium\error-context.md]]
]]>
</system-out>
</testcase>
<testcase name="Authentication › Registration › should display registration page if available" classname="auth.spec.ts" time="32.671">
<failure message="auth.spec.ts:239:9 should display registration page if available" type="FAILURE">
<![CDATA[  [chromium] › auth.spec.ts:239:9 › Authentication › Registration › should display registration page if available 

    TimeoutError: page.goto: Timeout 30000ms exceeded.
    Call log:
      - navigating to "http://localhost:3000/register", waiting until "load"


      239 |     test('should display registration page if available', async ({ page }) => {
      240 |       // Try to navigate to registration
    > 241 |       await page.goto('/register');
          |                  ^
      242 |
      243 |       // If registration exists, check form
      244 |       if (!page.url().includes('/404') && !page.url().includes('/login')) {
        at C:\Users\grube\op\operate-fresh\apps\web\e2e\auth.spec.ts:241:18

    attachment #1: screenshot (image/png) ──────────────────────────────────────────────────────────
    ..\test-results\auth-Authentication-Regist-53391-istration-page-if-available-chromium\test-failed-1.png
    ────────────────────────────────────────────────────────────────────────────────────────────────

    attachment #2: video (video/webm) ──────────────────────────────────────────────────────────────
    ..\test-results\auth-Authentication-Regist-53391-istration-page-if-available-chromium\video.webm
    ────────────────────────────────────────────────────────────────────────────────────────────────

    Error Context: ..\test-results\auth-Authentication-Regist-53391-istration-page-if-available-chromium\error-context.md
]]>
</failure>
<system-out>
<![CDATA[
[[ATTACHMENT|auth-Authentication-Regist-53391-istration-page-if-available-chromium\test-failed-1.png]]

[[ATTACHMENT|auth-Authentication-Regist-53391-istration-page-if-available-chromium\video.webm]]

[[ATTACHMENT|auth-Authentication-Regist-53391-istration-page-if-available-chromium\error-context.md]]
]]>
</system-out>
</testcase>
<testcase name="Authentication › Password Reset › should display forgot password link" classname="auth.spec.ts" time="32.53">
<failure message="auth.spec.ts:252:9 should display forgot password link" type="FAILURE">
<![CDATA[  [chromium] › auth.spec.ts:252:9 › Authentication › Password Reset › should display forgot password link 

    TimeoutError: page.goto: Timeout 30000ms exceeded.
    Call log:
      - navigating to "http://localhost:3000/login", waiting until "load"


      251 |   test.describe('Password Reset', () => {
      252 |     test('should display forgot password link', async ({ page }) => {
    > 253 |       await page.goto('/login');
          |                  ^
      254 |
      255 |       // Look for forgot password link
      256 |       const forgotPasswordSelectors = [
        at C:\Users\grube\op\operate-fresh\apps\web\e2e\auth.spec.ts:253:18

    attachment #1: screenshot (image/png) ──────────────────────────────────────────────────────────
    ..\test-results\auth-Authentication-Passwo-f9f39-isplay-forgot-password-link-chromium\test-failed-1.png
    ────────────────────────────────────────────────────────────────────────────────────────────────

    attachment #2: video (video/webm) ──────────────────────────────────────────────────────────────
    ..\test-results\auth-Authentication-Passwo-f9f39-isplay-forgot-password-link-chromium\video.webm
    ────────────────────────────────────────────────────────────────────────────────────────────────

    Error Context: ..\test-results\auth-Authentication-Passwo-f9f39-isplay-forgot-password-link-chromium\error-context.md
]]>
</failure>
<system-out>
<![CDATA[
[[ATTACHMENT|auth-Authentication-Passwo-f9f39-isplay-forgot-password-link-chromium\test-failed-1.png]]

[[ATTACHMENT|auth-Authentication-Passwo-f9f39-isplay-forgot-password-link-chromium\video.webm]]

[[ATTACHMENT|auth-Authentication-Passwo-f9f39-isplay-forgot-password-link-chromium\error-context.md]]
]]>
</system-out>
</testcase>
</testsuite>
</testsuites>